<?xml version="1.0" encoding="UTF-8"?>
<!-- Generated by org.testng.reporters.JUnitXMLReporter -->
<testsuite ignored="2" hostname="Hridhan" failures="0" tests="1" name="Default test(failed)" time="0.054" errors="0" timestamp="2023-06-14T17:58:35 CEST">
  <testcase classname="TestNGAnnotation.Ex_keyword_priority" name="TC3" time="0.008"/>
  <testcase classname="TestNGAnnotation.Ex_keyword_priority" name="TC2" time="0.0">
    <ignored/>
  </testcase> <!-- TC2 -->
  <testcase classname="TestNGAnnotation.Ex_keyword_priority" name="TC1" time="0.0">
    <ignored/>
  </testcase> <!-- TC1 -->
</testsuite> <!-- Default test(failed) -->
