<?xml version="1.0" encoding="UTF-8"?>
<!-- Generated by org.testng.reporters.JUnitXMLReporter -->
<testsuite ignored="0" hostname="Hridhan" failures="1" tests="1" name="Default test(failed)" time="0.075" errors="0" timestamp="2023-06-15T22:59:31 CEST">
  <testcase classname="TestNGAssertion.Ex_AsserEquals" name="TC1" time="0.013">
    <failure type="java.lang.Error" message="Unresolved compilation problem: 
	Syntax error, insert &amp;quot;;&amp;quot; to complete Statement
">
      <![CDATA[java.lang.Error: Unresolved compilation problem: 
Syntax error, insert ";" to complete Statement

at TestNGAssertion.Ex_AsserEquals.TC1(Ex_AsserEquals.java:14)
at java.base/java.util.ArrayList.forEach(ArrayList.java:1541)
... Removed 27 stack frames]]>
    </failure>
  </testcase> <!-- TC1 -->
</testsuite> <!-- Default test(failed) -->
