<?xml version="1.0" encoding="UTF-8"?>
<!-- Generated by org.testng.reporters.JUnitXMLReporter -->
<testsuite ignored="1" hostname="Hridhan" failures="0" tests="1" name="Default test" time="0.059" errors="0" timestamp="2023-06-14T12:32:18 CEST">
  <testcase classname="TestNGAnnotation.Ex_keywordCombination" name="Tc2" time="0.01"/>
  <testcase classname="TestNGAnnotation.Ex_keywordCombination" name="Tc1" time="0.0">
    <ignored/>
  </testcase> <!-- Tc1 -->
</testsuite> <!-- Default test -->
