<?xml version="1.0" encoding="UTF-8"?>
<!-- Generated by org.testng.reporters.JUnitXMLReporter -->
<testsuite ignored="3" hostname="Hridhan" failures="0" tests="3" name="Test" time="0.096" errors="0" timestamp="2023-06-15T22:33:04 CEST">
  <testcase classname="TestNGGrouping.Example_groupingTestcase1" name="Tc1" time="0.013"/>
  <testcase classname="TestNGGrouping.Example_groupingTestcase2" name="Tc1" time="0.001"/>
  <testcase classname="TestNGGrouping.Example_groupingTestcase2" name="Tc3" time="0.002"/>
  <testcase classname="TestNGGrouping.Example_groupingTestcase2" name="Tc2" time="0.0">
    <ignored/>
  </testcase> <!-- Tc2 -->
  <testcase classname="TestNGGrouping.Example_groupingTestcase1" name="Tc2" time="0.0">
    <ignored/>
  </testcase> <!-- Tc2 -->
  <testcase classname="TestNGGrouping.Example_groupingTestcase1" name="Tc3" time="0.0">
    <ignored/>
  </testcase> <!-- Tc3 -->
</testsuite> <!-- Test -->
