<?xml version="1.0" encoding="UTF-8"?>
<!-- Generated by org.testng.reporters.JUnitXMLReporter -->
<testsuite ignored="1" hostname="Hridhan" failures="0" tests="3" name="Test" time="0.077" errors="0" timestamp="2023-06-15T10:00:29 CEST">
  <testcase classname="DisableTestCases.Ex_Disabletestcases2" name="Tc2" time="0.016"/>
  <testcase classname="DisableTestCases.Ex_Disabletestcases2" name="Tc3" time="0.007"/>
  <testcase classname="DisableTestCases.Ex_Disabletestcases2" name="Tc4" time="0.0"/>
  <testcase classname="DisableTestCases.Ex_Disabletestcases2" name="Tc1" time="0.0">
    <ignored/>
  </testcase> <!-- Tc1 -->
</testsuite> <!-- Test -->
