<?xml version="1.0" encoding="UTF-8"?>
<testng-results ignored="1" total="2" passed="1" failed="0" skipped="0">
  <reporter-output>
    <line>
      <![CDATA[Tc2 running]]>
    </line>
  </reporter-output>
  <suite started-at="2023-06-14T12:32:18 CEST" name="Default suite" finished-at="2023-06-14T12:32:18 CEST" duration-ms="59">
    <groups>
    </groups>
    <test started-at="2023-06-14T12:32:18 CEST" name="Default test" finished-at="2023-06-14T12:32:18 CEST" duration-ms="59">
      <class name="TestNGAnnotation.Ex_keywordCombination">
        <test-method signature="Tc2()[pri:0, instance:TestNGAnnotation.Ex_keywordCombination@29d89d5d]" started-at="2023-06-14T12:32:18 CEST" name="Tc2" finished-at="2023-06-14T12:32:18 CEST" duration-ms="10" status="PASS">
          <reporter-output>
            <line>
              <![CDATA[Tc2 running]]>
            </line>
          </reporter-output>
        </test-method> <!-- Tc2 -->
      </class> <!-- TestNGAnnotation.Ex_keywordCombination -->
    </test> <!-- Default test -->
  </suite> <!-- Default suite -->
</testng-results>
